<?xml version="1.0" encoding="UTF-8"?>
<!-- Generated by org.testng.reporters.JUnitXMLReporter -->
<testsuite ignored="0" hostname="LAPTOP-P8G0UT57" failures="0" tests="9" name="Test" time="778.369" errors="0" timestamp="2021-06-27T20:29:12 IST">
  <testcase classname="test.TestLoginLogout" name="returnvalue" time="0.06"/>
  <testcase classname="test.TestCreateCustomerLogout" name="createcustomer" time="31.759"/>
  <testcase classname="test.TestDeleteCustomerLogout" name="deletecustomer" time="31.883"/>
  <testcase classname="test.TestCreateTypesWorkLogout" name="cratework" time="34.578"/>
  <testcase classname="test.TestEditTypeWorkLogout" name="editwork" time="56.732"/>
  <testcase classname="test.TestDeleteWorkLogout" name="delwork" time="18.724"/>
  <testcase classname="test.TestLeaveTypeLogout" name="createleavetype" time="57.782"/>
  <testcase classname="test.TestEditLeaveType" name="editleavetype" time="16.489"/>
  <testcase classname="test.TestDeleteLeaveTypeLogout" name="deleteleavetype" time="26.204"/>
</testsuite> <!-- Test -->
