<?xml version="1.0" encoding="UTF-8"?>
<testng-results ignored="0" total="9" passed="9" failed="0" skipped="0">
  <reporter-output>
  </reporter-output>
  <suite started-at="2021-06-27T20:16:13 IST" name="Suite" finished-at="2021-06-27T20:29:12 IST" duration-ms="778369">
    <groups>
    </groups>
    <test started-at="2021-06-27T20:16:13 IST" name="Test" finished-at="2021-06-27T20:29:12 IST" duration-ms="778369">
      <class name="test.TestEditTypeWorkLogout">
        <test-method is-config="true" signature="setup()[pri:0, instance:test.TestEditTypeWorkLogout@192d43ce]" started-at="2021-06-27T20:21:39 IST" name="setup" finished-at="2021-06-27T20:22:21 IST" duration-ms="42146" status="PASS">
          <reporter-output>
          </reporter-output>
        </test-method> <!-- setup -->
        <test-method is-config="true" signature="login()[pri:0, instance:test.TestEditTypeWorkLogout@192d43ce]" started-at="2021-06-27T20:22:21 IST" name="login" finished-at="2021-06-27T20:22:22 IST" duration-ms="858" status="PASS">
          <reporter-output>
          </reporter-output>
        </test-method> <!-- login -->
        <test-method signature="editwork()[pri:0, instance:test.TestEditTypeWorkLogout@192d43ce]" started-at="2021-06-27T20:22:22 IST" name="editwork" finished-at="2021-06-27T20:23:19 IST" duration-ms="56732" status="PASS">
          <reporter-output>
          </reporter-output>
        </test-method> <!-- editwork -->
        <test-method is-config="true" signature="logout()[pri:0, instance:test.TestEditTypeWorkLogout@192d43ce]" started-at="2021-06-27T20:23:19 IST" name="logout" finished-at="2021-06-27T20:23:30 IST" duration-ms="11520" status="PASS">
          <reporter-output>
          </reporter-output>
        </test-method> <!-- logout -->
        <test-method is-config="true" signature="closebrowser()[pri:0, instance:test.TestEditTypeWorkLogout@192d43ce]" started-at="2021-06-27T20:23:30 IST" name="closebrowser" finished-at="2021-06-27T20:23:31 IST" duration-ms="902" status="PASS">
          <reporter-output>
          </reporter-output>
        </test-method> <!-- closebrowser -->
      </class> <!-- test.TestEditTypeWorkLogout -->
      <class name="test.TestEditLeaveType">
        <test-method is-config="true" signature="setup()[pri:0, instance:test.TestEditLeaveType@43195e57]" started-at="2021-06-27T20:26:36 IST" name="setup" finished-at="2021-06-27T20:27:26 IST" duration-ms="49859" status="PASS">
          <reporter-output>
          </reporter-output>
        </test-method> <!-- setup -->
        <test-method is-config="true" signature="login()[pri:0, instance:test.TestEditLeaveType@43195e57]" started-at="2021-06-27T20:27:26 IST" name="login" finished-at="2021-06-27T20:27:26 IST" duration-ms="463" status="PASS">
          <reporter-output>
          </reporter-output>
        </test-method> <!-- login -->
        <test-method signature="editleavetype()[pri:0, instance:test.TestEditLeaveType@43195e57]" started-at="2021-06-27T20:27:26 IST" name="editleavetype" finished-at="2021-06-27T20:27:43 IST" duration-ms="16489" status="PASS">
          <reporter-output>
          </reporter-output>
        </test-method> <!-- editleavetype -->
        <test-method is-config="true" signature="logout()[pri:0, instance:test.TestEditLeaveType@43195e57]" started-at="2021-06-27T20:27:43 IST" name="logout" finished-at="2021-06-27T20:27:53 IST" duration-ms="9854" status="PASS">
          <reporter-output>
          </reporter-output>
        </test-method> <!-- logout -->
        <test-method is-config="true" signature="closebrowser()[pri:0, instance:test.TestEditLeaveType@43195e57]" started-at="2021-06-27T20:27:53 IST" name="closebrowser" finished-at="2021-06-27T20:27:54 IST" duration-ms="952" status="PASS">
          <reporter-output>
          </reporter-output>
        </test-method> <!-- closebrowser -->
      </class> <!-- test.TestEditLeaveType -->
      <class name="test.TestDeleteLeaveTypeLogout">
        <test-method is-config="true" signature="setup()[pri:0, instance:test.TestDeleteLeaveTypeLogout@333291e3]" started-at="2021-06-27T20:27:54 IST" name="setup" finished-at="2021-06-27T20:28:33 IST" duration-ms="39409" status="PASS">
          <reporter-output>
          </reporter-output>
        </test-method> <!-- setup -->
        <test-method is-config="true" signature="login()[pri:0, instance:test.TestDeleteLeaveTypeLogout@333291e3]" started-at="2021-06-27T20:28:33 IST" name="login" finished-at="2021-06-27T20:28:34 IST" duration-ms="644" status="PASS">
          <reporter-output>
          </reporter-output>
        </test-method> <!-- login -->
        <test-method signature="deleteleavetype()[pri:0, instance:test.TestDeleteLeaveTypeLogout@333291e3]" started-at="2021-06-27T20:28:34 IST" name="deleteleavetype" finished-at="2021-06-27T20:29:00 IST" duration-ms="26204" status="PASS">
          <reporter-output>
          </reporter-output>
        </test-method> <!-- deleteleavetype -->
        <test-method is-config="true" signature="logout()[pri:0, instance:test.TestDeleteLeaveTypeLogout@333291e3]" started-at="2021-06-27T20:29:00 IST" name="logout" finished-at="2021-06-27T20:29:11 IST" duration-ms="10799" status="PASS">
          <reporter-output>
          </reporter-output>
        </test-method> <!-- logout -->
        <test-method is-config="true" signature="closebrowser()[pri:0, instance:test.TestDeleteLeaveTypeLogout@333291e3]" started-at="2021-06-27T20:29:11 IST" name="closebrowser" finished-at="2021-06-27T20:29:12 IST" duration-ms="1054" status="PASS">
          <reporter-output>
          </reporter-output>
        </test-method> <!-- closebrowser -->
      </class> <!-- test.TestDeleteLeaveTypeLogout -->
      <class name="test.TestCreateTypesWorkLogout">
        <test-method is-config="true" signature="setup()[pri:0, instance:test.TestCreateTypesWorkLogout@5f058f00]" started-at="2021-06-27T20:19:54 IST" name="setup" finished-at="2021-06-27T20:20:53 IST" duration-ms="58699" status="PASS">
          <reporter-output>
          </reporter-output>
        </test-method> <!-- setup -->
        <test-method is-config="true" signature="login()[pri:0, instance:test.TestCreateTypesWorkLogout@5f058f00]" started-at="2021-06-27T20:20:53 IST" name="login" finished-at="2021-06-27T20:20:54 IST" duration-ms="905" status="PASS">
          <reporter-output>
          </reporter-output>
        </test-method> <!-- login -->
        <test-method signature="cratework()[pri:0, instance:test.TestCreateTypesWorkLogout@5f058f00]" started-at="2021-06-27T20:20:54 IST" name="cratework" finished-at="2021-06-27T20:21:28 IST" duration-ms="34578" status="PASS">
          <reporter-output>
          </reporter-output>
        </test-method> <!-- cratework -->
        <test-method is-config="true" signature="logout()[pri:0, instance:test.TestCreateTypesWorkLogout@5f058f00]" started-at="2021-06-27T20:21:28 IST" name="logout" finished-at="2021-06-27T20:21:38 IST" duration-ms="9751" status="PASS">
          <reporter-output>
          </reporter-output>
        </test-method> <!-- logout -->
        <test-method is-config="true" signature="closebrowser()[pri:0, instance:test.TestCreateTypesWorkLogout@5f058f00]" started-at="2021-06-27T20:21:38 IST" name="closebrowser" finished-at="2021-06-27T20:21:39 IST" duration-ms="875" status="PASS">
          <reporter-output>
          </reporter-output>
        </test-method> <!-- closebrowser -->
      </class> <!-- test.TestCreateTypesWorkLogout -->
      <class name="test.TestLeaveTypeLogout">
        <test-method is-config="true" signature="setup()[pri:0, instance:test.TestLeaveTypeLogout@1afd44cb]" started-at="2021-06-27T20:24:30 IST" name="setup" finished-at="2021-06-27T20:25:13 IST" duration-ms="42577" status="PASS">
          <reporter-output>
          </reporter-output>
        </test-method> <!-- setup -->
        <test-method is-config="true" signature="login()[pri:0, instance:test.TestLeaveTypeLogout@1afd44cb]" started-at="2021-06-27T20:25:13 IST" name="login" finished-at="2021-06-27T20:25:13 IST" duration-ms="558" status="PASS">
          <reporter-output>
          </reporter-output>
        </test-method> <!-- login -->
        <test-method signature="createleavetype()[pri:0, instance:test.TestLeaveTypeLogout@1afd44cb]" started-at="2021-06-27T20:25:13 IST" name="createleavetype" finished-at="2021-06-27T20:26:11 IST" duration-ms="57782" status="PASS">
          <reporter-output>
          </reporter-output>
        </test-method> <!-- createleavetype -->
        <test-method is-config="true" signature="logout()[pri:0, instance:test.TestLeaveTypeLogout@1afd44cb]" started-at="2021-06-27T20:26:11 IST" name="logout" finished-at="2021-06-27T20:26:35 IST" duration-ms="24058" status="PASS">
          <reporter-output>
          </reporter-output>
        </test-method> <!-- logout -->
        <test-method is-config="true" signature="closebrowser()[pri:0, instance:test.TestLeaveTypeLogout@1afd44cb]" started-at="2021-06-27T20:26:35 IST" name="closebrowser" finished-at="2021-06-27T20:26:36 IST" duration-ms="1035" status="PASS">
          <reporter-output>
          </reporter-output>
        </test-method> <!-- closebrowser -->
      </class> <!-- test.TestLeaveTypeLogout -->
      <class name="test.TestDeleteCustomerLogout">
        <test-method is-config="true" signature="setup()[pri:0, instance:test.TestDeleteCustomerLogout@55b7a4e0]" started-at="2021-06-27T20:18:23 IST" name="setup" finished-at="2021-06-27T20:19:02 IST" duration-ms="39038" status="PASS">
          <reporter-output>
          </reporter-output>
        </test-method> <!-- setup -->
        <test-method is-config="true" signature="login()[pri:0, instance:test.TestDeleteCustomerLogout@55b7a4e0]" started-at="2021-06-27T20:19:02 IST" name="login" finished-at="2021-06-27T20:19:04 IST" duration-ms="2104" status="PASS">
          <reporter-output>
          </reporter-output>
        </test-method> <!-- login -->
        <test-method signature="deletecustomer()[pri:0, instance:test.TestDeleteCustomerLogout@55b7a4e0]" started-at="2021-06-27T20:19:04 IST" name="deletecustomer" finished-at="2021-06-27T20:19:36 IST" duration-ms="31883" status="PASS">
          <reporter-output>
          </reporter-output>
        </test-method> <!-- deletecustomer -->
        <test-method is-config="true" signature="logout()[pri:0, instance:test.TestDeleteCustomerLogout@55b7a4e0]" started-at="2021-06-27T20:19:36 IST" name="logout" finished-at="2021-06-27T20:19:53 IST" duration-ms="16962" status="PASS">
          <reporter-output>
          </reporter-output>
        </test-method> <!-- logout -->
        <test-method is-config="true" signature="closebrowser()[pri:0, instance:test.TestDeleteCustomerLogout@55b7a4e0]" started-at="2021-06-27T20:19:53 IST" name="closebrowser" finished-at="2021-06-27T20:19:54 IST" duration-ms="1053" status="PASS">
          <reporter-output>
          </reporter-output>
        </test-method> <!-- closebrowser -->
      </class> <!-- test.TestDeleteCustomerLogout -->
      <class name="test.TestCreateCustomerLogout">
        <test-method is-config="true" signature="setup()[pri:0, instance:test.TestCreateCustomerLogout@6eda5c9]" started-at="2021-06-27T20:17:03 IST" name="setup" finished-at="2021-06-27T20:17:38 IST" duration-ms="34620" status="PASS">
          <reporter-output>
          </reporter-output>
        </test-method> <!-- setup -->
        <test-method is-config="true" signature="login()[pri:0, instance:test.TestCreateCustomerLogout@6eda5c9]" started-at="2021-06-27T20:17:38 IST" name="login" finished-at="2021-06-27T20:17:39 IST" duration-ms="1048" status="PASS">
          <reporter-output>
          </reporter-output>
        </test-method> <!-- login -->
        <test-method signature="createcustomer()[pri:0, instance:test.TestCreateCustomerLogout@6eda5c9]" started-at="2021-06-27T20:17:39 IST" name="createcustomer" finished-at="2021-06-27T20:18:11 IST" duration-ms="31759" status="PASS">
          <reporter-output>
          </reporter-output>
        </test-method> <!-- createcustomer -->
        <test-method is-config="true" signature="logout()[pri:0, instance:test.TestCreateCustomerLogout@6eda5c9]" started-at="2021-06-27T20:18:11 IST" name="logout" finished-at="2021-06-27T20:18:21 IST" duration-ms="10535" status="PASS">
          <reporter-output>
          </reporter-output>
        </test-method> <!-- logout -->
        <test-method is-config="true" signature="closebrowser()[pri:0, instance:test.TestCreateCustomerLogout@6eda5c9]" started-at="2021-06-27T20:18:21 IST" name="closebrowser" finished-at="2021-06-27T20:18:23 IST" duration-ms="1636" status="PASS">
          <reporter-output>
          </reporter-output>
        </test-method> <!-- closebrowser -->
      </class> <!-- test.TestCreateCustomerLogout -->
      <class name="test.TestDeleteWorkLogout">
        <test-method is-config="true" signature="setup()[pri:0, instance:test.TestDeleteWorkLogout@72057ecf]" started-at="2021-06-27T20:23:31 IST" name="setup" finished-at="2021-06-27T20:24:00 IST" duration-ms="29383" status="PASS">
          <reporter-output>
          </reporter-output>
        </test-method> <!-- setup -->
        <test-method is-config="true" signature="login()[pri:0, instance:test.TestDeleteWorkLogout@72057ecf]" started-at="2021-06-27T20:24:00 IST" name="login" finished-at="2021-06-27T20:24:01 IST" duration-ms="597" status="PASS">
          <reporter-output>
          </reporter-output>
        </test-method> <!-- login -->
        <test-method signature="delwork()[pri:0, instance:test.TestDeleteWorkLogout@72057ecf]" started-at="2021-06-27T20:24:01 IST" name="delwork" finished-at="2021-06-27T20:24:20 IST" duration-ms="18724" status="PASS">
          <reporter-output>
          </reporter-output>
        </test-method> <!-- delwork -->
        <test-method is-config="true" signature="logout()[pri:0, instance:test.TestDeleteWorkLogout@72057ecf]" started-at="2021-06-27T20:24:20 IST" name="logout" finished-at="2021-06-27T20:24:29 IST" duration-ms="9174" status="PASS">
          <reporter-output>
          </reporter-output>
        </test-method> <!-- logout -->
        <test-method is-config="true" signature="closebrowser()[pri:0, instance:test.TestDeleteWorkLogout@72057ecf]" started-at="2021-06-27T20:24:29 IST" name="closebrowser" finished-at="2021-06-27T20:24:30 IST" duration-ms="1065" status="PASS">
          <reporter-output>
          </reporter-output>
        </test-method> <!-- closebrowser -->
      </class> <!-- test.TestDeleteWorkLogout -->
      <class name="test.TestLoginLogout">
        <test-method is-config="true" signature="setup()[pri:0, instance:test.TestLoginLogout@5119fb47]" started-at="2021-06-27T20:16:13 IST" name="setup" finished-at="2021-06-27T20:16:39 IST" duration-ms="25638" status="PASS">
          <reporter-output>
          </reporter-output>
        </test-method> <!-- setup -->
        <test-method is-config="true" signature="login()[pri:0, instance:test.TestLoginLogout@5119fb47]" started-at="2021-06-27T20:16:39 IST" name="login" finished-at="2021-06-27T20:16:46 IST" duration-ms="6777" status="PASS">
          <reporter-output>
          </reporter-output>
        </test-method> <!-- login -->
        <test-method signature="returnvalue()[pri:0, instance:test.TestLoginLogout@5119fb47]" started-at="2021-06-27T20:16:46 IST" name="returnvalue" finished-at="2021-06-27T20:16:46 IST" duration-ms="60" status="PASS">
          <reporter-output>
          </reporter-output>
        </test-method> <!-- returnvalue -->
        <test-method is-config="true" signature="logout()[pri:0, instance:test.TestLoginLogout@5119fb47]" started-at="2021-06-27T20:16:46 IST" name="logout" finished-at="2021-06-27T20:17:02 IST" duration-ms="16190" status="PASS">
          <reporter-output>
          </reporter-output>
        </test-method> <!-- logout -->
        <test-method is-config="true" signature="closebrowser()[pri:0, instance:test.TestLoginLogout@5119fb47]" started-at="2021-06-27T20:17:02 IST" name="closebrowser" finished-at="2021-06-27T20:17:03 IST" duration-ms="1301" status="PASS">
          <reporter-output>
          </reporter-output>
        </test-method> <!-- closebrowser -->
      </class> <!-- test.TestLoginLogout -->
    </test> <!-- Test -->
  </suite> <!-- Suite -->
</testng-results>
